{
  "uid" : "3c5cfda20f7c02e9",
  "name" : "allElements",
  "title" : "All elements",
  "time" : {
    "start" : 1476462004016,
    "stop" : 1476462012653,
    "duration" : 8637
  },
  "summary" : {
    "attachments" : 0,
    "steps" : 0
  },
  "failure" : {
    "message" : "StaleElementReferenceException: Element is no longer attached to the DOM\nCommand duration or timeout: 5 milliseconds\nFor documentation on this error, please visit: http://seleniumhq.org/exceptions/stale_element_reference.html\nBuild info: version: '2.53.0', revision: '35ae25b1534ae328c771e0856c93e187490ca824', time: '2016-03-15 10:43:46'\nSystem info: host: 'Aams-MacBook-Pro-2.local', ip: '192.168.59.3', os.name: 'Mac OS X', os.arch: 'x86_64', os.version: '10.11.6', java.version: '1.8.0_92'\nDriver info: org.openqa.selenium.firefox.FirefoxDriver\nCapabilities [{applicationCacheEnabled=true, rotatable=false, handlesAlerts=true, databaseEnabled=true, version=33.0, platform=MAC, nativeEvents=false, acceptSslCerts=true, webStorageEnabled=true, locationContextEnabled=true, browserName=firefox, takesScreenshot=true, javascriptEnabled=true, cssSelectorsEnabled=true}]\nSession ID: 5ceb9f94-41d1-7c48-892a-b9980369148f",
    "stackTrace" : "org.openqa.selenium.StaleElementReferenceException: Element is no longer attached to the DOM\nCommand duration or timeout: 5 milliseconds\nFor documentation on this error, please visit: http://seleniumhq.org/exceptions/stale_element_reference.html\nBuild info: version: '2.53.0', revision: '35ae25b1534ae328c771e0856c93e187490ca824', time: '2016-03-15 10:43:46'\nSystem info: host: 'Aams-MacBook-Pro-2.local', ip: '192.168.59.3', os.name: 'Mac OS X', os.arch: 'x86_64', os.version: '10.11.6', java.version: '1.8.0_92'\nDriver info: org.openqa.selenium.firefox.FirefoxDriver\nCapabilities [{applicationCacheEnabled=true, rotatable=false, handlesAlerts=true, databaseEnabled=true, version=33.0, platform=MAC, nativeEvents=false, acceptSslCerts=true, webStorageEnabled=true, locationContextEnabled=true, browserName=firefox, takesScreenshot=true, javascriptEnabled=true, cssSelectorsEnabled=true}]\nSession ID: 5ceb9f94-41d1-7c48-892a-b9980369148f\n\tat sun.reflect.NativeConstructorAccessorImpl.newInstance0(Native Method)\n\tat sun.reflect.NativeConstructorAccessorImpl.newInstance(NativeConstructorAccessorImpl.java:62)\n\tat sun.reflect.DelegatingConstructorAccessorImpl.newInstance(DelegatingConstructorAccessorImpl.java:45)\n\tat java.lang.reflect.Constructor.newInstance(Constructor.java:423)\n\tat org.openqa.selenium.remote.ErrorHandler.createThrowable(ErrorHandler.java:206)\n\tat org.openqa.selenium.remote.ErrorHandler.throwIfResponseFailed(ErrorHandler.java:158)\n\tat org.openqa.selenium.remote.RemoteWebDriver.execute(RemoteWebDriver.java:678)\n\tat org.openqa.selenium.remote.RemoteWebElement.execute(RemoteWebElement.java:327)\n\tat org.openqa.selenium.remote.RemoteWebElement.getText(RemoteWebElement.java:179)\n\tat spreeuitest.ElimentsTest.allElements(ElimentsTest.java:34)\n\tat sun.reflect.NativeMethodAccessorImpl.invoke0(Native Method)\n\tat sun.reflect.NativeMethodAccessorImpl.invoke(NativeMethodAccessorImpl.java:62)\n\tat sun.reflect.DelegatingMethodAccessorImpl.invoke(DelegatingMethodAccessorImpl.java:43)\n\tat java.lang.reflect.Method.invoke(Method.java:498)\n\tat org.testng.internal.MethodInvocationHelper.invokeMethod(MethodInvocationHelper.java:86)\n\tat org.testng.internal.Invoker.invokeMethod(Invoker.java:643)\n\tat org.testng.internal.Invoker.invokeTestMethod(Invoker.java:820)\n\tat org.testng.internal.Invoker.invokeTestMethods(Invoker.java:1128)\n\tat org.testng.internal.TestMethodWorker.invokeTestMethods(TestMethodWorker.java:129)\n\tat org.testng.internal.TestMethodWorker.run(TestMethodWorker.java:112)\n\tat java.util.concurrent.ThreadPoolExecutor.runWorker(ThreadPoolExecutor.java:1142)\n\tat java.util.concurrent.ThreadPoolExecutor$Worker.run(ThreadPoolExecutor.java:617)\n\tat java.lang.Thread.run(Thread.java:745)\nCaused by: org.openqa.selenium.StaleElementReferenceException: Element is no longer attached to the DOM\nFor documentation on this error, please visit: http://seleniumhq.org/exceptions/stale_element_reference.html\nBuild info: version: '2.53.0', revision: '35ae25b1534ae328c771e0856c93e187490ca824', time: '2016-03-15 10:43:46'\nSystem info: host: 'Aams-MacBook-Pro-2.local', ip: '192.168.59.3', os.name: 'Mac OS X', os.arch: 'x86_64', os.version: '10.11.6', java.version: '1.8.0_92'\nDriver info: driver.version: unknown\n\tat <anonymous class>.fxdriver.cache.getElementAt(resource://fxdriver/modules/web-element-cache.js:9457)\n\tat <anonymous class>.Utils.getElementAt(file:///var/folders/zd/169rjdb53qv_dfmhsbk47c1c0000gn/T/anonymous5865551040773119957webdriver-profile/extensions/fxdriver@googlecode.com/components/command-processor.js:9039)\n\tat <anonymous class>.WebElement.getElementText(file:///var/folders/zd/169rjdb53qv_dfmhsbk47c1c0000gn/T/anonymous5865551040773119957webdriver-profile/extensions/fxdriver@googlecode.com/components/command-processor.js:12092)\n\tat <anonymous class>.DelayedCommand.prototype.executeInternal_/h(file:///var/folders/zd/169rjdb53qv_dfmhsbk47c1c0000gn/T/anonymous5865551040773119957webdriver-profile/extensions/fxdriver@googlecode.com/components/command-processor.js:12661)\n\tat <anonymous class>.DelayedCommand.prototype.executeInternal_(file:///var/folders/zd/169rjdb53qv_dfmhsbk47c1c0000gn/T/anonymous5865551040773119957webdriver-profile/extensions/fxdriver@googlecode.com/components/command-processor.js:12666)\n\tat <anonymous class>.DelayedCommand.prototype.execute/<(file:///var/folders/zd/169rjdb53qv_dfmhsbk47c1c0000gn/T/anonymous5865551040773119957webdriver-profile/extensions/fxdriver@googlecode.com/components/command-processor.js:12608)\n"
  },
  "description" : null,
  "severity" : "NORMAL",
  "status" : "BROKEN",
  "testId" : null,
  "suite" : {
    "uid" : "4666576cad959546",
    "name" : "Test-class Suite : Test-class test",
    "title" : "Test-class Suite : Test-class test"
  },
  "steps" : [ ],
  "attachments" : [ ],
  "issues" : [ ],
  "labels" : [ {
    "name" : "host",
    "value" : "Aams-MacBook-Pro-2.local"
  }, {
    "name" : "language",
    "value" : "JAVA"
  }, {
    "name" : "suite-title",
    "value" : "Test-class Suite : Test-class test"
  }, {
    "name" : "framework",
    "value" : "TestNG"
  }, {
    "name" : "suite-name",
    "value" : "Test-class Suite : Test-class test"
  }, {
    "name" : "thread",
    "value" : "14326@Aams-MacBook-Pro-2.local.pool-1-thread-1(13)"
  } ],
  "parameters" : [ ]
}