{
  "hash" : "9ae4a52f46fbba0c959575303f697deb73e72d63",
  "data" : [ {
    "statistic" : {
      "total" : 202,
      "passed" : 35,
      "pending" : 17,
      "canceled" : 101,
      "failed" : 0,
      "broken" : 49
    },
    "time" : {
      "start" : 1476387172315,
      "stop" : 1476501111397,
      "duration" : 113939082
    },
    "name" : "total",
    "type" : "TOTAL"
  }, {
    "name" : "defects",
    "type" : "DEFECTS",
    "data" : [ {
      "count" : 21,
      "message" : "Exception: null",
      "status" : "BROKEN"
    }, {
      "count" : 15,
      "message" : "NullPointerException: null",
      "status" : "BROKEN"
    }, {
      "count" : 2,
      "message" : "FileNotFoundException: /Users/wasey/IdeaProjects/PerFactHybridsrc/main/resources/TestData/UiTestData/TestData.xlsx (No such file or directory)",
      "status" : "BROKEN"
    }, {
      "count" : 1,
      "message" : "TestNGException: \nParameter 'test-name' is required by @Configuration on method beforeTest but has not been marked @Optional or defined\nin /Users/wasey/IdeaProjects/PerFactHybrid/parellal.xml",
      "status" : "BROKEN"
    }, {
      "count" : 1,
      "message" : "TestNGException: \nMethod beforeTest requires 1 parameters but 0 were supplied in the @Configuration annotation.",
      "status" : "BROKEN"
    }, {
      "count" : 1,
      "message" : "UnreachableBrowserException: Error communicating with the remote browser. It may have died.\nBuild info: version: '2.53.0', revision: '35ae25b1534ae328c771e0856c93e187490ca824', time: '2016-03-15 10:43:46'\nSystem info: host: 'Aams-MacBook-Pro-2.local', ip: '192.168.59.3', os.name: 'Mac OS X', os.arch: 'x86_64', os.version: '10.11.6', java.version: '1.8.0_92'\nDriver info: driver.version: RemoteWebDriver\nCapabilities [{applicationCacheEnabled=true, rotatable=false, handlesAlerts=true, databaseEnabled=true, version=33.0, platform=MAC, nativeEvents=false, acceptSslCerts=true, webStorageEnabled=true, locationContextEnabled=true, browserName=firefox, takesScreenshot=true, javascriptEnabled=true, cssSelectorsEnabled=true}]\nSession ID: b2c71dba-ac06-3249-a8c0-3c6d0d1e248b",
      "status" : "BROKEN"
    }, {
      "count" : 1,
      "message" : "UnreachableBrowserException: Error communicating with the remote browser. It may have died.\nBuild info: version: '2.53.0', revision: '35ae25b1534ae328c771e0856c93e187490ca824', time: '2016-03-15 10:43:46'\nSystem info: host: 'Aams-MacBook-Pro-2.local', ip: '192.168.59.3', os.name: 'Mac OS X', os.arch: 'x86_64', os.version: '10.11.6', java.version: '1.8.0_92'\nDriver info: driver.version: RemoteWebDriver\nCapabilities [{applicationCacheEnabled=true, rotatable=false, handlesAlerts=true, databaseEnabled=true, version=33.0, platform=MAC, nativeEvents=false, acceptSslCerts=true, webStorageEnabled=true, locationContextEnabled=true, browserName=firefox, takesScreenshot=true, javascriptEnabled=true, cssSelectorsEnabled=true}]\nSession ID: 649184b0-d30c-a746-bef2-abc16f9f9a2a",
      "status" : "BROKEN"
    }, {
      "count" : 1,
      "message" : "StaleElementReferenceException: Element is no longer attached to the DOM\nCommand duration or timeout: 5 milliseconds\nFor documentation on this error, please visit: http://seleniumhq.org/exceptions/stale_element_reference.html\nBuild info: version: '2.53.0', revision: '35ae25b1534ae328c771e0856c93e187490ca824', time: '2016-03-15 10:43:46'\nSystem info: host: 'Aams-MacBook-Pro-2.local', ip: '192.168.59.3', os.name: 'Mac OS X', os.arch: 'x86_64', os.version: '10.11.6', java.version: '1.8.0_92'\nDriver info: org.openqa.selenium.firefox.FirefoxDriver\nCapabilities [{applicationCacheEnabled=true, rotatable=false, handlesAlerts=true, databaseEnabled=true, version=33.0, platform=MAC, nativeEvents=false, acceptSslCerts=true, webStorageEnabled=true, locationContextEnabled=true, browserName=firefox, takesScreenshot=true, javascriptEnabled=true, cssSelectorsEnabled=true}]\nSession ID: 5ceb9f94-41d1-7c48-892a-b9980369148f",
      "status" : "BROKEN"
    }, {
      "count" : 1,
      "message" : "TestNGException: \nParameter 'HomeTest' is required by @Configuration on method beforeTest but has not been marked @Optional or defined\nin /Users/wasey/Library/Caches/IdeaIC2016.1/temp-testng-customsuite.xml",
      "status" : "BROKEN"
    }, {
      "count" : 1,
      "message" : "UnreachableBrowserException: Error communicating with the remote browser. It may have died.\nBuild info: version: '2.53.0', revision: '35ae25b1534ae328c771e0856c93e187490ca824', time: '2016-03-15 10:43:46'\nSystem info: host: 'Aams-MacBook-Pro-2.local', ip: '192.168.59.3', os.name: 'Mac OS X', os.arch: 'x86_64', os.version: '10.11.6', java.version: '1.8.0_92'\nDriver info: driver.version: RemoteWebDriver\nCapabilities [{applicationCacheEnabled=false, rotatable=false, mobileEmulationEnabled=false, chrome={userDataDir=/var/folders/zd/169rjdb53qv_dfmhsbk47c1c0000gn/T/.org.chromium.Chromium.9ei28T}, takesHeapSnapshot=true, databaseEnabled=false, handlesAlerts=true, version=54.0.2840.59, platform=MAC, browserConnectionEnabled=false, nativeEvents=true, acceptSslCerts=true, locationContextEnabled=true, webStorageEnabled=true, browserName=chrome, takesScreenshot=true, javascriptEnabled=true, cssSelectorsEnabled=true}]\nSession ID: 4c5953c7d057573868660873bd1acd2d",
      "status" : "BROKEN"
    } ]
  }, {
    "name" : "xunit",
    "type" : "TITLE_STATISTICS",
    "data" : [ {
      "title" : "Default Suite : PerFactHybrid",
      "statistic" : {
        "total" : 74,
        "passed" : 2,
        "pending" : 5,
        "canceled" : 32,
        "failed" : 0,
        "broken" : 35
      }
    }, {
      "title" : "Test-class Suite : Test-class test",
      "statistic" : {
        "total" : 94,
        "passed" : 10,
        "pending" : 8,
        "canceled" : 64,
        "failed" : 0,
        "broken" : 12
      }
    }, {
      "title" : "Suite : Random Test",
      "statistic" : {
        "total" : 16,
        "passed" : 7,
        "pending" : 2,
        "canceled" : 5,
        "failed" : 0,
        "broken" : 2
      }
    }, {
      "title" : "Surefire suite : Surefire test",
      "statistic" : {
        "total" : 18,
        "passed" : 16,
        "pending" : 2,
        "canceled" : 0,
        "failed" : 0,
        "broken" : 0
      }
    } ]
  }, {
    "name" : "behaviors",
    "type" : "TITLE_STATISTICS",
    "data" : [ {
      "title" : "My Feature",
      "statistic" : {
        "total" : 138,
        "passed" : 34,
        "pending" : 34,
        "canceled" : 58,
        "failed" : 0,
        "broken" : 12
      }
    }, {
      "title" : "SignIN TO Spree Account",
      "statistic" : {
        "total" : 104,
        "passed" : 12,
        "pending" : 0,
        "canceled" : 64,
        "failed" : 0,
        "broken" : 28
      }
    }, {
      "title" : "Verify Product Information",
      "statistic" : {
        "total" : 24,
        "passed" : 6,
        "pending" : 0,
        "canceled" : 16,
        "failed" : 0,
        "broken" : 2
      }
    }, {
      "title" : "Without feature",
      "statistic" : {
        "total" : 69,
        "passed" : 9,
        "pending" : 0,
        "canceled" : 32,
        "failed" : 0,
        "broken" : 28
      }
    } ]
  }, {
    "name" : "environment",
    "type" : "KEY_VALUE",
    "data" : [ ]
  } ]
}